<?xml version="1.0" encoding="UTF-8"?>
<!-- Generated by org.testng.reporters.JUnitReportReporter -->
<testsuite hostname="LAPTOP-EMDLV1KE" failures="1" tests="9" name="test.LoginValidation" time="22.932" errors="0" timestamp="2022-02-10T18:03:32 EST" skipped="0">
  <testcase classname="test.LoginValidation" name="validateURL" time="0.114"/>
  <system-out>
    <![CDATA[this is the correct URL>>https://www.amazon.ca/]]>
  </system-out>
  <testcase classname="test.LoginValidation" name="validateTitle" time="0.018"/>
  <system-out>
    <![CDATA[this is the correct Title>>Amazon.ca: Low Prices – Fast Shipping – Millions of Items]]>
  </system-out>
  <testcase classname="test.LoginValidation" name="validateCreateaWishList" time="1.768"/>
  <system-out>
    <![CDATA[this is a valid Create a wishlist page https://www.amazon.ca/hz/wishlist/intro]]>
  </system-out>
  <testcase classname="test.LoginValidation" name="validateNewReleases" time="1.683"/>
  <system-out>
    <![CDATA[this is a valid Create a wishlist page https://www.amazon.ca/gp/new-releases/?ref_=nav_cs_newreleases]]>
  </system-out>
  <testcase classname="test.LoginValidation" name="validateAmazonCash" time="1.343"/>
  <system-out>
    <![CDATA[this is a valid Create a wishlist page https://www.amazon.ca/gp/browse.html?node=17321486011&ref_=footer_cash_ca_en]]>
  </system-out>
  <testcase classname="test.LoginValidation" name="invalidEmailInvalidPassword" time="3.858"/>
  <system-out>
    <![CDATA[this is a valid Create a wishlist page https://www.amazon.ca/ap/signin]]>
  </system-out>
  <testcase classname="test.LoginValidation" name="validEmailValidPassword" time="3.658"/>
  <system-out>
    <![CDATA[the login is successful https://www.amazon.ca/ap/signin]]>
  </system-out>
  <testcase classname="test.LoginValidation" name="validateMobilePrice" time="6.909"/>
  <system-out>
    <![CDATA[this is the actual price$429.00]]>
  </system-out>
  <testcase classname="test.LoginValidation" name="validateDeliveryPincode" time="3.581">
    <failure message="this is not the pin expected [true] but found [false]" type="java.lang.AssertionError">
      <![CDATA[java.lang.AssertionError: this is not the pin expected [true] but found [false]
at org.testng.Assert.fail(Assert.java:99)
at org.testng.Assert.failNotEquals(Assert.java:1037)
at org.testng.Assert.assertTrue(Assert.java:45)
at test.LoginValidation.validateDeliveryPincode(LoginValidation.java:121)
at java.base/jdk.internal.reflect.NativeMethodAccessorImpl.invoke0(Native Method)
at java.base/jdk.internal.reflect.NativeMethodAccessorImpl.invoke(NativeMethodAccessorImpl.java:77)
at java.base/jdk.internal.reflect.DelegatingMethodAccessorImpl.invoke(DelegatingMethodAccessorImpl.java:43)
at java.base/java.lang.reflect.Method.invoke(Method.java:568)
at org.testng.internal.MethodInvocationHelper.invokeMethod(MethodInvocationHelper.java:133)
at org.testng.internal.TestInvoker.invokeMethod(TestInvoker.java:598)
at org.testng.internal.TestInvoker.invokeTestMethod(TestInvoker.java:173)
at org.testng.internal.MethodRunner.runInSequence(MethodRunner.java:46)
at org.testng.internal.TestInvoker$MethodInvocationAgent.invoke(TestInvoker.java:824)
at org.testng.internal.TestInvoker.invokeTestMethods(TestInvoker.java:146)
at org.testng.internal.TestMethodWorker.invokeTestMethods(TestMethodWorker.java:146)
at org.testng.internal.TestMethodWorker.run(TestMethodWorker.java:128)
at java.base/java.util.ArrayList.forEach(ArrayList.java:1511)
at org.testng.TestRunner.privateRun(TestRunner.java:794)
at org.testng.TestRunner.run(TestRunner.java:596)
at org.testng.SuiteRunner.runTest(SuiteRunner.java:377)
at org.testng.SuiteRunner.runSequentially(SuiteRunner.java:371)
at org.testng.SuiteRunner.privateRun(SuiteRunner.java:332)
at org.testng.SuiteRunner.run(SuiteRunner.java:276)
at org.testng.SuiteRunnerWorker.runSuite(SuiteRunnerWorker.java:53)
at org.testng.SuiteRunnerWorker.run(SuiteRunnerWorker.java:96)
at org.testng.TestNG.runSuitesSequentially(TestNG.java:1212)
at org.testng.TestNG.runSuitesLocally(TestNG.java:1134)
at org.testng.TestNG.runSuites(TestNG.java:1063)
at org.testng.TestNG.run(TestNG.java:1031)
at org.testng.remote.AbstractRemoteTestNG.run(AbstractRemoteTestNG.java:115)
at org.testng.remote.RemoteTestNG.initAndRun(RemoteTestNG.java:251)
at org.testng.remote.RemoteTestNG.main(RemoteTestNG.java:77)
]]>
    </failure>
  </testcase> <!-- validateDeliveryPincode -->
  <system-out/>
</testsuite> <!-- test.LoginValidation -->
